2024-12-07T20:13:13.398391+0800 - Model Parameters: 52802826
2024-12-07T20:13:48.070549+0800 - Model Parameters: 52802826
2024-12-07T21:27:07.612673+0800 - ------------------------------
2024-12-07T21:27:07.613281+0800 - Train Loss Epoch 1 : 2.2791
2024-12-07T21:27:07.613462+0800 - Val Loss Epoch 1 : 2.0895
2024-12-07T21:27:07.613623+0800 - Train Accuracy EPOCH 1: 0.1226
2024-12-07T21:27:07.613782+0800 - Val Accuracy EPOCH 1: 0.2171
2024-12-07T21:27:07.613940+0800 - ------------------------------
2024-12-07T21:30:25.201888+0800 - Model Parameters: 52802826
2024-12-07T21:30:26.766989+0800 - 2363 iterations per epoch
2024-12-07T21:47:18.708795+0800 - Model Parameters: 276298(hongboye 这里768 个 encoder 改成成了 4个） 
2024-12-07T21:47:20.489018+0800 - 1182 iterations per epoch
2024-12-07T21:48:51.257090+0800 - ------------------------------
2024-12-07T21:48:51.257551+0800 - Train Loss Epoch 4 : 0.2893
2024-12-07T21:48:51.257955+0800 - Val Loss Epoch 4 : 0.2378
2024-12-07T21:48:51.258164+0800 - Train Accuracy EPOCH 4: 0.9083
2024-12-07T21:48:51.258343+0800 - Val Accuracy EPOCH 4: 0.9264
2024-12-07T21:48:51.258515+0800 - ------------------------------
2024-12-07T21:49:14.241098+0800 - ------------------------------
2024-12-07T21:49:14.241601+0800 - Train Loss Epoch 5 : 0.2590
2024-12-07T21:49:14.241796+0800 - Val Loss Epoch 5 : 0.2016
2024-12-07T21:49:14.242187+0800 - Train Accuracy EPOCH 5: 0.9181
2024-12-07T21:49:14.242356+0800 - Val Accuracy EPOCH 5: 0.9357
2024-12-07T21:49:14.242521+0800 - ------------------------------
2024-12-07T21:49:37.253137+0800 - ------------------------------
2024-12-07T21:49:37.253665+0800 - Train Loss Epoch 6 : 0.2310
2024-12-07T21:49:37.253855+0800 - Val Loss Epoch 6 : 0.1928
2024-12-07T21:49:37.254021+0800 - Train Accuracy EPOCH 6: 0.9261
2024-12-07T21:49:37.254381+0800 - Val Accuracy EPOCH 6: 0.9402
2024-12-07T21:49:37.254527+0800 - ------------------------------
2024-12-07T21:50:00.574844+0800 - ------------------------------
2024-12-07T21:50:00.575391+0800 - Train Loss Epoch 7 : 0.2092
2024-12-07T21:50:00.575777+0800 - Val Loss Epoch 7 : 0.2022
2024-12-07T21:50:00.576085+0800 - Train Accuracy EPOCH 7: 0.9338
2024-12-07T21:50:00.576379+0800 - Val Accuracy EPOCH 7: 0.9374
2024-12-07T21:50:00.576849+0800 - ------------------------------
2024-12-07T21:50:23.549280+0800 - ------------------------------
2024-12-07T21:50:23.549712+0800 - Train Loss Epoch 8 : 0.1925
2024-12-07T21:50:23.549907+0800 - Val Loss Epoch 8 : 0.1612
2024-12-07T21:50:23.550084+0800 - Train Accuracy EPOCH 8: 0.9382
2024-12-07T21:50:23.550239+0800 - Val Accuracy EPOCH 8: 0.9505
2024-12-07T21:50:23.550388+0800 - ------------------------------
2024-12-07T21:50:46.411422+0800 - ------------------------------
2024-12-07T21:50:46.412042+0800 - Train Loss Epoch 9 : 0.1802
2024-12-07T21:50:46.412545+0800 - Val Loss Epoch 9 : 0.1390
2024-12-07T21:50:46.412953+0800 - Train Accuracy EPOCH 9: 0.9418
2024-12-07T21:50:46.413302+0800 - Val Accuracy EPOCH 9: 0.9540
2024-12-07T21:50:46.413610+0800 - ------------------------------
2024-12-07T21:51:09.539469+0800 - ------------------------------
2024-12-07T21:51:09.539953+0800 - Train Loss Epoch 10 : 0.1711
2024-12-07T21:51:09.540159+0800 - Val Loss Epoch 10 : 0.1454
2024-12-07T21:51:09.540342+0800 - Train Accuracy EPOCH 10: 0.9453
2024-12-07T21:51:09.540705+0800 - Val Accuracy EPOCH 10: 0.9533
2024-12-07T21:51:09.540889+0800 - ------------------------------
2024-12-07T21:51:32.231409+0800 - ------------------------------
2024-12-07T21:51:32.231855+0800 - Train Loss Epoch 11 : 0.1595
2024-12-07T21:51:32.232037+0800 - Val Loss Epoch 11 : 0.1312
2024-12-07T21:51:32.232196+0800 - Train Accuracy EPOCH 11: 0.9499
2024-12-07T21:51:32.232361+0800 - Val Accuracy EPOCH 11: 0.9586
2024-12-07T21:51:32.232513+0800 - ------------------------------
2024-12-07T21:51:54.855098+0800 - ------------------------------
2024-12-07T21:51:54.855789+0800 - Train Loss Epoch 12 : 0.1526
2024-12-07T21:51:54.856468+0800 - Val Loss Epoch 12 : 0.1375
2024-12-07T21:51:54.856863+0800 - Train Accuracy EPOCH 12: 0.9501
2024-12-07T21:51:54.857470+0800 - Val Accuracy EPOCH 12: 0.9569
2024-12-07T21:51:54.857848+0800 - ------------------------------
2024-12-07T21:52:17.378918+0800 - ------------------------------
2024-12-07T21:52:17.379740+0800 - Train Loss Epoch 13 : 0.1441
2024-12-07T21:52:17.379916+0800 - Val Loss Epoch 13 : 0.1277
2024-12-07T21:52:17.380067+0800 - Train Accuracy EPOCH 13: 0.9535
2024-12-07T21:52:17.380211+0800 - Val Accuracy EPOCH 13: 0.9595
2024-12-07T21:52:17.380352+0800 - ------------------------------
2024-12-07T21:52:40.637264+0800 - ------------------------------
2024-12-07T21:52:40.637752+0800 - Train Loss Epoch 14 : 0.1360
2024-12-07T21:52:40.637952+0800 - Val Loss Epoch 14 : 0.1590
2024-12-07T21:52:40.638168+0800 - Train Accuracy EPOCH 14: 0.9563
2024-12-07T21:52:40.638326+0800 - Val Accuracy EPOCH 14: 0.9490
2024-12-07T21:52:40.638475+0800 - ------------------------------
2024-12-07T21:53:02.751714+0800 - ------------------------------
2024-12-07T21:53:02.752205+0800 - Train Loss Epoch 15 : 0.1310
2024-12-07T21:53:02.752392+0800 - Val Loss Epoch 15 : 0.1081
2024-12-07T21:53:02.752555+0800 - Train Accuracy EPOCH 15: 0.9587
2024-12-07T21:53:02.752711+0800 - Val Accuracy EPOCH 15: 0.9655
2024-12-07T21:53:02.752860+0800 - ------------------------------
2024-12-07T21:53:25.994126+0800 - ------------------------------
2024-12-07T21:53:25.994810+0800 - Train Loss Epoch 16 : 0.1241
2024-12-07T21:53:25.995009+0800 - Val Loss Epoch 16 : 0.1174
2024-12-07T21:53:25.995166+0800 - Train Accuracy EPOCH 16: 0.9588
2024-12-07T21:53:25.995317+0800 - Val Accuracy EPOCH 16: 0.9633
2024-12-07T21:53:25.995467+0800 - ------------------------------
2024-12-07T21:53:48.193485+0800 - ------------------------------
2024-12-07T21:53:48.193895+0800 - Train Loss Epoch 17 : 0.1198
2024-12-07T21:53:48.194083+0800 - Val Loss Epoch 17 : 0.1146
2024-12-07T21:53:48.194244+0800 - Train Accuracy EPOCH 17: 0.9613
2024-12-07T21:53:48.194403+0800 - Val Accuracy EPOCH 17: 0.9655
2024-12-07T21:53:48.194550+0800 - ------------------------------
2024-12-07T21:54:11.054492+0800 - ------------------------------
2024-12-07T21:54:11.055069+0800 - Train Loss Epoch 18 : 0.1180
2024-12-07T21:54:11.055247+0800 - Val Loss Epoch 18 : 0.1241
2024-12-07T21:54:11.055397+0800 - Train Accuracy EPOCH 18: 0.9616
2024-12-07T21:54:11.055533+0800 - Val Accuracy EPOCH 18: 0.9617
2024-12-07T21:54:11.055666+0800 - ------------------------------
2024-12-07T21:54:33.058553+0800 - ------------------------------
2024-12-07T21:54:33.059700+0800 - Train Loss Epoch 19 : 0.1116
2024-12-07T21:54:33.060289+0800 - Val Loss Epoch 19 : 0.1095
2024-12-07T21:54:33.060886+0800 - Train Accuracy EPOCH 19: 0.9641
2024-12-07T21:54:33.061269+0800 - Val Accuracy EPOCH 19: 0.9650
2024-12-07T21:54:33.061810+0800 - ------------------------------
2024-12-07T21:54:55.535731+0800 - ------------------------------
2024-12-07T21:54:55.536173+0800 - Train Loss Epoch 20 : 0.1104
2024-12-07T21:54:55.536368+0800 - Val Loss Epoch 20 : 0.1056
2024-12-07T21:54:55.536549+0800 - Train Accuracy EPOCH 20: 0.9649
2024-12-07T21:54:55.536724+0800 - Val Accuracy EPOCH 20: 0.9686
2024-12-07T21:54:55.536893+0800 - ------------------------------
2024-12-07T21:55:17.520495+0800 - ------------------------------
2024-12-07T21:55:17.521020+0800 - Train Loss Epoch 21 : 0.1099
2024-12-07T21:55:17.521489+0800 - Val Loss Epoch 21 : 0.1080
2024-12-07T21:55:17.521796+0800 - Train Accuracy EPOCH 21: 0.9646
2024-12-07T21:55:17.522109+0800 - Val Accuracy EPOCH 21: 0.9669
2024-12-07T21:55:17.522410+0800 - ------------------------------
2024-12-07T21:55:40.390535+0800 - ------------------------------
2024-12-07T21:55:40.391356+0800 - Train Loss Epoch 22 : 0.1033
2024-12-07T21:55:40.391752+0800 - Val Loss Epoch 22 : 0.0998
2024-12-07T21:55:40.392260+0800 - Train Accuracy EPOCH 22: 0.9672
2024-12-07T21:55:40.392558+0800 - Val Accuracy EPOCH 22: 0.9693
2024-12-07T21:55:40.392835+0800 - ------------------------------
2024-12-07T21:56:02.728172+0800 - ------------------------------
2024-12-07T21:56:02.728802+0800 - Train Loss Epoch 23 : 0.0979
2024-12-07T21:56:02.729087+0800 - Val Loss Epoch 23 : 0.1131
2024-12-07T21:56:02.729334+0800 - Train Accuracy EPOCH 23: 0.9688
2024-12-07T21:56:02.729564+0800 - Val Accuracy EPOCH 23: 0.9662
2024-12-07T21:56:02.729788+0800 - ------------------------------
2024-12-07T21:56:25.272447+0800 - ------------------------------
2024-12-07T21:56:25.273143+0800 - Train Loss Epoch 24 : 0.0973
2024-12-07T21:56:25.273328+0800 - Val Loss Epoch 24 : 0.0921
2024-12-07T21:56:25.273492+0800 - Train Accuracy EPOCH 24: 0.9692
2024-12-07T21:56:25.273648+0800 - Val Accuracy EPOCH 24: 0.9743
2024-12-07T21:56:25.273988+0800 - ------------------------------
2024-12-07T21:56:47.945142+0800 - ------------------------------
2024-12-07T21:56:47.945559+0800 - Train Loss Epoch 25 : 0.0912
2024-12-07T21:56:47.945895+0800 - Val Loss Epoch 25 : 0.0849
2024-12-07T21:56:47.946183+0800 - Train Accuracy EPOCH 25: 0.9710
2024-12-07T21:56:47.946565+0800 - Val Accuracy EPOCH 25: 0.9729
2024-12-07T21:56:47.946907+0800 - ------------------------------
2024-12-07T21:57:10.248826+0800 - ------------------------------
2024-12-07T21:57:10.249415+0800 - Train Loss Epoch 26 : 0.0895
2024-12-07T21:57:10.249944+0800 - Val Loss Epoch 26 : 0.0907
2024-12-07T21:57:10.250287+0800 - Train Accuracy EPOCH 26: 0.9713
2024-12-07T21:57:10.250600+0800 - Val Accuracy EPOCH 26: 0.9717
2024-12-07T21:57:10.251173+0800 - ------------------------------
2024-12-07T21:57:32.813774+0800 - ------------------------------
2024-12-07T21:57:32.814246+0800 - Train Loss Epoch 27 : 0.0880
2024-12-07T21:57:32.814428+0800 - Val Loss Epoch 27 : 0.0797
2024-12-07T21:57:32.814594+0800 - Train Accuracy EPOCH 27: 0.9713
2024-12-07T21:57:32.814766+0800 - Val Accuracy EPOCH 27: 0.9750
2024-12-07T21:57:32.814933+0800 - ------------------------------
2024-12-07T21:57:55.453380+0800 - ------------------------------
2024-12-07T21:57:55.454033+0800 - Train Loss Epoch 28 : 0.0853
2024-12-07T21:57:55.454225+0800 - Val Loss Epoch 28 : 0.0875
2024-12-07T21:57:55.454397+0800 - Train Accuracy EPOCH 28: 0.9722
2024-12-07T21:57:55.454557+0800 - Val Accuracy EPOCH 28: 0.9752
2024-12-07T21:57:55.454709+0800 - ------------------------------
2024-12-07T21:58:17.656392+0800 - ------------------------------
2024-12-07T21:58:17.656900+0800 - Train Loss Epoch 29 : 0.0849
2024-12-07T21:58:17.657103+0800 - Val Loss Epoch 29 : 0.0824
2024-12-07T21:58:17.657269+0800 - Train Accuracy EPOCH 29: 0.9722
2024-12-07T21:58:17.657422+0800 - Val Accuracy EPOCH 29: 0.9762
2024-12-07T21:58:17.657586+0800 - ------------------------------
2024-12-07T21:58:39.995668+0800 - ------------------------------
2024-12-07T21:58:39.996155+0800 - Train Loss Epoch 30 : 0.0804
2024-12-07T21:58:39.996334+0800 - Val Loss Epoch 30 : 0.0744
2024-12-07T21:58:39.996495+0800 - Train Accuracy EPOCH 30: 0.9728
2024-12-07T21:58:39.996647+0800 - Val Accuracy EPOCH 30: 0.9781
2024-12-07T21:58:39.996794+0800 - ------------------------------
2024-12-07T21:59:02.689040+0800 - ------------------------------
2024-12-07T21:59:02.689506+0800 - Train Loss Epoch 31 : 0.0776
2024-12-07T21:59:02.689693+0800 - Val Loss Epoch 31 : 0.1030
2024-12-07T21:59:02.689856+0800 - Train Accuracy EPOCH 31: 0.9742
2024-12-07T21:59:02.690010+0800 - Val Accuracy EPOCH 31: 0.9693
2024-12-07T21:59:02.690173+0800 - ------------------------------
2024-12-07T21:59:24.533851+0800 - ------------------------------
2024-12-07T21:59:24.534305+0800 - Train Loss Epoch 32 : 0.0754
2024-12-07T21:59:24.534478+0800 - Val Loss Epoch 32 : 0.0881
2024-12-07T21:59:24.534634+0800 - Train Accuracy EPOCH 32: 0.9751
2024-12-07T21:59:24.534786+0800 - Val Accuracy EPOCH 32: 0.9705
2024-12-07T21:59:24.534932+0800 - ------------------------------
2024-12-07T21:59:46.587862+0800 - ------------------------------
2024-12-07T21:59:46.588564+0800 - Train Loss Epoch 33 : 0.0762
2024-12-07T21:59:46.588798+0800 - Val Loss Epoch 33 : 0.0787
2024-12-07T21:59:46.589019+0800 - Train Accuracy EPOCH 33: 0.9765
2024-12-07T21:59:46.589402+0800 - Val Accuracy EPOCH 33: 0.9760
2024-12-07T21:59:46.589613+0800 - ------------------------------
2024-12-07T22:00:08.260623+0800 - ------------------------------
2024-12-07T22:00:08.261024+0800 - Train Loss Epoch 34 : 0.0725
2024-12-07T22:00:08.261198+0800 - Val Loss Epoch 34 : 0.0890
2024-12-07T22:00:08.261348+0800 - Train Accuracy EPOCH 34: 0.9763
2024-12-07T22:00:08.261489+0800 - Val Accuracy EPOCH 34: 0.9740
2024-12-07T22:00:08.261630+0800 - ------------------------------
2024-12-07T22:00:28.577195+0800 - ------------------------------
2024-12-07T22:00:28.577624+0800 - Train Loss Epoch 35 : 0.0761
2024-12-07T22:00:28.577803+0800 - Val Loss Epoch 35 : 0.0804
2024-12-07T22:00:28.577962+0800 - Train Accuracy EPOCH 35: 0.9753
2024-12-07T22:00:28.578140+0800 - Val Accuracy EPOCH 35: 0.9748
2024-12-07T22:00:28.578295+0800 - ------------------------------
2024-12-07T22:00:49.908191+0800 - ------------------------------
2024-12-07T22:00:49.908661+0800 - Train Loss Epoch 36 : 0.0696
2024-12-07T22:00:49.908859+0800 - Val Loss Epoch 36 : 0.0811
2024-12-07T22:00:49.909041+0800 - Train Accuracy EPOCH 36: 0.9763
2024-12-07T22:00:49.909223+0800 - Val Accuracy EPOCH 36: 0.9743
2024-12-07T22:00:49.909398+0800 - ------------------------------
2024-12-07T22:01:11.851136+0800 - ------------------------------
2024-12-07T22:01:11.851550+0800 - Train Loss Epoch 37 : 0.0683
2024-12-07T22:01:11.851716+0800 - Val Loss Epoch 37 : 0.0684
2024-12-07T22:01:11.851869+0800 - Train Accuracy EPOCH 37: 0.9776
2024-12-07T22:01:11.852020+0800 - Val Accuracy EPOCH 37: 0.9779
2024-12-07T22:01:11.852160+0800 - ------------------------------
2024-12-07T22:01:33.858755+0800 - ------------------------------
2024-12-07T22:01:33.859210+0800 - Train Loss Epoch 38 : 0.0686
2024-12-07T22:01:33.859404+0800 - Val Loss Epoch 38 : 0.0785
2024-12-07T22:01:33.859743+0800 - Train Accuracy EPOCH 38: 0.9784
2024-12-07T22:01:33.860264+0800 - Val Accuracy EPOCH 38: 0.9743
2024-12-07T22:01:33.860611+0800 - ------------------------------
2024-12-07T22:01:56.758586+0800 - ------------------------------
2024-12-07T22:01:56.759002+0800 - Train Loss Epoch 39 : 0.0665
2024-12-07T22:01:56.759178+0800 - Val Loss Epoch 39 : 0.0906
2024-12-07T22:01:56.759334+0800 - Train Accuracy EPOCH 39: 0.9785
2024-12-07T22:01:56.759486+0800 - Val Accuracy EPOCH 39: 0.9712
2024-12-07T22:01:56.759629+0800 - ------------------------------
2024-12-07T22:02:18.989361+0800 - ------------------------------
2024-12-07T22:02:18.989986+0800 - Train Loss Epoch 40 : 0.0653
2024-12-07T22:02:18.990170+0800 - Val Loss Epoch 40 : 0.0722
2024-12-07T22:02:18.990521+0800 - Train Accuracy EPOCH 40: 0.9783
2024-12-07T22:02:18.990674+0800 - Val Accuracy EPOCH 40: 0.9779
2024-12-07T22:02:18.990821+0800 - ------------------------------
2024-12-07T22:02:41.691888+0800 - ------------------------------
2024-12-07T22:02:41.692323+0800 - Train Loss Epoch 41 : 0.0642
2024-12-07T22:02:41.692500+0800 - Val Loss Epoch 41 : 0.0756
2024-12-07T22:02:41.692658+0800 - Train Accuracy EPOCH 41: 0.9778
2024-12-07T22:02:41.692809+0800 - Val Accuracy EPOCH 41: 0.9769
2024-12-07T22:02:41.692955+0800 - ------------------------------
2024-12-07T22:03:03.881157+0800 - ------------------------------
2024-12-07T22:03:03.881770+0800 - Train Loss Epoch 42 : 0.0622
2024-12-07T22:03:03.881940+0800 - Val Loss Epoch 42 : 0.0795
2024-12-07T22:03:03.882124+0800 - Train Accuracy EPOCH 42: 0.9794
2024-12-07T22:03:03.882281+0800 - Val Accuracy EPOCH 42: 0.9769
2024-12-07T22:03:03.882429+0800 - ------------------------------
2024-12-07T22:03:26.121726+0800 - ------------------------------
2024-12-07T22:03:26.122170+0800 - Train Loss Epoch 43 : 0.0608
2024-12-07T22:03:26.122351+0800 - Val Loss Epoch 43 : 0.0737
2024-12-07T22:03:26.122513+0800 - Train Accuracy EPOCH 43: 0.9796
2024-12-07T22:03:26.122666+0800 - Val Accuracy EPOCH 43: 0.9786
2024-12-07T22:03:26.122812+0800 - ------------------------------
2024-12-07T22:03:48.626891+0800 - ------------------------------
2024-12-07T22:03:48.627369+0800 - Train Loss Epoch 44 : 0.0599
2024-12-07T22:03:48.627538+0800 - Val Loss Epoch 44 : 0.0733
2024-12-07T22:03:48.627692+0800 - Train Accuracy EPOCH 44: 0.9799
2024-12-07T22:03:48.627850+0800 - Val Accuracy EPOCH 44: 0.9805
2024-12-07T22:03:48.628007+0800 - ------------------------------
2024-12-07T22:04:11.700802+0800 - ------------------------------
2024-12-07T22:04:11.701341+0800 - Train Loss Epoch 45 : 0.0615
2024-12-07T22:04:11.701848+0800 - Val Loss Epoch 45 : 0.0624
2024-12-07T22:04:11.702192+0800 - Train Accuracy EPOCH 45: 0.9796
2024-12-07T22:04:11.702509+0800 - Val Accuracy EPOCH 45: 0.9798
2024-12-07T22:04:11.702807+0800 - ------------------------------
2024-12-07T22:04:34.513280+0800 - ------------------------------
2024-12-07T22:04:34.513969+0800 - Train Loss Epoch 46 : 0.0544
2024-12-07T22:04:34.514164+0800 - Val Loss Epoch 46 : 0.0805
2024-12-07T22:04:34.514318+0800 - Train Accuracy EPOCH 46: 0.9814
2024-12-07T22:04:34.514456+0800 - Val Accuracy EPOCH 46: 0.9795
2024-12-07T22:04:34.514935+0800 - ------------------------------
2024-12-07T22:04:56.694365+0800 - ------------------------------
2024-12-07T22:04:56.694787+0800 - Train Loss Epoch 47 : 0.0537
2024-12-07T22:04:56.694967+0800 - Val Loss Epoch 47 : 0.0716
2024-12-07T22:04:56.695126+0800 - Train Accuracy EPOCH 47: 0.9824
2024-12-07T22:04:56.695277+0800 - Val Accuracy EPOCH 47: 0.9802
2024-12-07T22:04:56.695424+0800 - ------------------------------
2024-12-07T22:05:18.643578+0800 - ------------------------------
2024-12-07T22:05:18.644025+0800 - Train Loss Epoch 48 : 0.0539
2024-12-07T22:05:18.644199+0800 - Val Loss Epoch 48 : 0.0648
2024-12-07T22:05:18.644353+0800 - Train Accuracy EPOCH 48: 0.9828
2024-12-07T22:05:18.644504+0800 - Val Accuracy EPOCH 48: 0.9807
2024-12-07T22:05:18.644649+0800 - ------------------------------
2024-12-07T22:05:41.302807+0800 - ------------------------------
2024-12-07T22:05:41.303218+0800 - Train Loss Epoch 49 : 0.0549
2024-12-07T22:05:41.303394+0800 - Val Loss Epoch 49 : 0.0716
2024-12-07T22:05:41.303548+0800 - Train Accuracy EPOCH 49: 0.9818
2024-12-07T22:05:41.303696+0800 - Val Accuracy EPOCH 49: 0.9802
2024-12-07T22:05:41.303842+0800 - ------------------------------
2024-12-07T22:06:04.467964+0800 - ------------------------------
2024-12-07T22:06:04.468522+0800 - Train Loss Epoch 50 : 0.0532
2024-12-07T22:06:04.468963+0800 - Val Loss Epoch 50 : 0.0720
2024-12-07T22:06:04.469305+0800 - Train Accuracy EPOCH 50: 0.9825
2024-12-07T22:06:04.469624+0800 - Val Accuracy EPOCH 50: 0.9776
2024-12-07T22:06:04.469932+0800 - ------------------------------
2024-12-07T22:06:04.471195+0800 - Training Time:1123.98s
